<?xml version="1.0" encoding="UTF-8"?>
<!-- Generated by org.testng.reporters.JUnitReportReporter -->
<testsuite hostname="DESKTOP-DUQ488G" failures="0" tests="1" name="DDriverFramework.DataDrivenFramework" time="2.518" errors="0" timestamp="2023-05-09T17:43:22 EDT" skipped="0">
  <testcase classname="DDriverFramework.DataDrivenFramework" name="enterCredentials" time="2.518"/>
  <system-out/>
</testsuite> <!-- DDriverFramework.DataDrivenFramework -->
