<?xml version="1.0" encoding="UTF-8"?>
<!-- Generated by org.testng.reporters.JUnitReportReporter -->
<testsuite hostname="DESKTOP-DUQ488G" failures="0" tests="1" name="keywordDF.Application" time="15.211" errors="0" timestamp="2023-05-10T12:56:54 EDT" skipped="0">
  <testcase classname="keywordDF.Application" name="verifyErrMessages" time="15.211"/>
  <system-out/>
</testsuite> <!-- keywordDF.Application -->
